W0430 04:36:54.427000 3150576 torch/distributed/run.py:792] 
W0430 04:36:54.427000 3150576 torch/distributed/run.py:792] *****************************************
W0430 04:36:54.427000 3150576 torch/distributed/run.py:792] Setting OMP_NUM_THREADS environment variable for each process to be 1 in default, to avoid your system being overloaded, please further tune the variable for optimal performance in your application as needed. 
W0430 04:36:54.427000 3150576 torch/distributed/run.py:792] *****************************************
Starting script
2025-04-30 04:37:00.504 | INFO     | __main__:main:197 - Global rank 0, local rank 0, device: 0
2025-04-30 04:37:00.510 | INFO     | __main__:main:208 - Process group initialized
2025-04-30 04:37:00.511 | INFO     | __main__:main:220 - 1-2-64-32
Starting script
wandb: Using wandb-core as the SDK backend.  Please refer to https://wandb.me/wandb-core for more information.
2025-04-30 04:37:00.595 | INFO     | __main__:main:197 - Global rank 1, local rank 1, device: 1
2025-04-30 04:37:00.602 | INFO     | __main__:main:208 - Process group initialized
wandb: Currently logged in as: yequan_zhao (yequan_zhao-university-of-california-santa-barbara) to https://api.wandb.ai. Use `wandb login --relogin` to force relogin
wandb: Tracking run with wandb version 0.19.9
wandb: Run data is saved locally in /workspace/wandb/run-20250430_043700-yvycr3da
wandb: Run `wandb offline` to turn off syncing.
wandb: Syncing run cola_60m-LR-0.006-ZO
wandb: ⭐️ View project at https://wandb.ai/yequan_zhao-university-of-california-santa-barbara/cola
wandb: 🚀 View run at https://wandb.ai/yequan_zhao-university-of-california-santa-barbara/cola/runs/yvycr3da
2025-04-30 04:37:01.541 | INFO     | __main__:main:246 - Using dist with rank 0 (only rank 0 will log)
2025-04-30 04:37:01.541 | INFO     | __main__:main:247 - ****************************************
2025-04-30 04:37:01.541 | INFO     | __main__:main:248 - Starting training with the arguments
2025-04-30 04:37:01.541 | INFO     | __main__:main:250 - model_type                     cola
2025-04-30 04:37:01.541 | INFO     | __main__:main:250 - run_name                       cola_60m-LR-0.006-ZO
2025-04-30 04:37:01.541 | INFO     | __main__:main:250 - wandb_project                  cola
2025-04-30 04:37:01.541 | INFO     | __main__:main:250 - model_config                   cola_configs/cola_60m.json
2025-04-30 04:37:01.541 | INFO     | __main__:main:250 - offline_mode                   False
2025-04-30 04:37:01.541 | INFO     | __main__:main:250 - continue_from                  None
2025-04-30 04:37:01.541 | INFO     | __main__:main:250 - batch_size                     32
2025-04-30 04:37:01.541 | INFO     | __main__:main:250 - gradient_accumulation          1
2025-04-30 04:37:01.541 | INFO     | __main__:main:250 - total_batch_size               64
2025-04-30 04:37:01.541 | INFO     | __main__:main:250 - max_length                     256
2025-04-30 04:37:01.541 | INFO     | __main__:main:250 - optimizer                      adamw
2025-04-30 04:37:01.542 | INFO     | __main__:main:250 - lr                             0.006
2025-04-30 04:37:01.542 | INFO     | __main__:main:250 - scheduler                      cosine
2025-04-30 04:37:01.542 | INFO     | __main__:main:250 - min_lr_ratio                   0.1
2025-04-30 04:37:01.542 | INFO     | __main__:main:250 - activation_checkpointing       False
2025-04-30 04:37:01.542 | INFO     | __main__:main:250 - weight_decay                   0.01
2025-04-30 04:37:01.542 | INFO     | __main__:main:250 - warmup_steps                   2000
2025-04-30 04:37:01.542 | INFO     | __main__:main:250 - eval_every                     1000
2025-04-30 04:37:01.542 | INFO     | __main__:main:250 - num_training_steps             10000
2025-04-30 04:37:01.542 | INFO     | __main__:main:250 - max_train_tokens               None
2025-04-30 04:37:01.542 | INFO     | __main__:main:250 - save_every                     10000
2025-04-30 04:37:01.542 | INFO     | __main__:main:250 - save_dir                       checkpoints/cola_60m-2025-04-30-04-37-00
2025-04-30 04:37:01.542 | INFO     | __main__:main:250 - tags                           None
2025-04-30 04:37:01.542 | INFO     | __main__:main:250 - dtype                          bfloat16
2025-04-30 04:37:01.542 | INFO     | __main__:main:250 - workers                        8
2025-04-30 04:37:01.542 | INFO     | __main__:main:250 - seed                           42
2025-04-30 04:37:01.542 | INFO     | __main__:main:250 - name                           test
2025-04-30 04:37:01.542 | INFO     | __main__:main:250 - grad_clipping                  0.5
2025-04-30 04:37:01.542 | INFO     | __main__:main:250 - beta1                          0.0
2025-04-30 04:37:01.542 | INFO     | __main__:main:250 - single_gpu                     False
2025-04-30 04:37:01.543 | INFO     | __main__:main:250 - ZO_Estim                       True
2025-04-30 04:37:01.543 | INFO     | __main__:main:251 - ****************************************
2025-04-30 04:37:09.972 | INFO     | __main__:main:261 - Shuffling data with seed 42
layer model.layers.0.self_attn.q_proj
layer model.layers.0.self_attn.k_proj
layer model.layers.0.self_attn.v_proj
layer model.layers.0.self_attn.o_proj
layer model.layers.0.mlp.gate_proj
layer model.layers.0.mlp.up_proj
layer model.layers.0.mlp.down_proj
layer model.layers.1.self_attn.q_proj
layer model.layers.1.self_attn.k_proj
layer model.layers.1.self_attn.v_proj
layer model.layers.1.self_attn.o_proj
layer model.layers.1.mlp.gate_proj
layer model.layers.1.mlp.up_proj
layer model.layers.1.mlp.down_proj
layer model.layers.2.self_attn.q_proj
layer model.layers.2.self_attn.k_proj
layer model.layers.2.self_attn.v_proj
layer model.layers.2.self_attn.o_proj
layer model.layers.2.mlp.gate_proj
layer model.layers.2.mlp.up_proj
layer model.layers.2.mlp.down_proj
layer model.layers.3.self_attn.q_proj
layer model.layers.3.self_attn.k_proj
layer model.layers.3.self_attn.v_proj
layer model.layers.3.self_attn.o_proj
layer model.layers.3.mlp.gate_proj
layer model.layers.3.mlp.up_proj
layer model.layers.3.mlp.down_proj
layer model.layers.4.self_attn.q_proj
layer model.layers.4.self_attn.k_proj
layer model.layers.4.self_attn.v_proj
layer model.layers.4.self_attn.o_proj
layer model.layers.4.mlp.gate_proj
layer model.layers.4.mlp.up_proj
layer model.layers.4.mlp.down_proj
layer model.layers.5.self_attn.q_proj
layer model.layers.5.self_attn.k_proj
layer model.layers.5.self_attn.v_proj
layer model.layers.5.self_attn.o_proj
layer model.layers.5.mlp.gate_proj
layer model.layers.5.mlp.up_proj
layer model.layers.5.mlp.down_proj
layer model.layers.6.self_attn.q_proj
layer model.layers.6.self_attn.k_proj
layer model.layers.6.self_attn.v_proj
layer model.layers.6.self_attn.o_proj
layer model.layers.6.mlp.gate_proj
layer model.layers.6.mlp.up_proj
layer model.layers.6.mlp.down_proj
layer model.layers.7.self_attn.q_proj
layer model.layers.7.self_attn.k_proj
layer model.layers.7.self_attn.v_proj
layer model.layers.7.self_attn.o_proj
layer model.layers.7.mlp.gate_proj
layer model.layers.7.mlp.up_proj
layer model.layers.7.mlp.down_proj
2025-04-30 04:37:10.628 | WARNING  | __main__:main:349 - Did not find training state in None, global step will start from zero
2025-04-30 04:37:10.628 | INFO     | __main__:main:352 - ****************************************
layer model.layers.0.self_attn.q_proj
layer model.layers.0.self_attn.k_proj
layer model.layers.0.self_attn.v_proj
layer model.layers.0.self_attn.o_proj
layer model.layers.0.mlp.gate_proj
layer model.layers.0.mlp.up_proj
layer model.layers.0.mlp.down_proj
layer model.layers.1.self_attn.q_proj
layer model.layers.1.self_attn.k_proj
layer model.layers.1.self_attn.v_proj
layer model.layers.1.self_attn.o_proj
layer model.layers.1.mlp.gate_proj
layer model.layers.1.mlp.up_proj
layer model.layers.1.mlp.down_proj
layer model.layers.2.self_attn.q_proj
layer model.layers.2.self_attn.k_proj
layer model.layers.2.self_attn.v_proj
layer model.layers.2.self_attn.o_proj
layer model.layers.2.mlp.gate_proj
layer model.layers.2.mlp.up_proj
layer model.layers.2.mlp.down_proj
layer model.layers.3.self_attn.q_proj
layer model.layers.3.self_attn.k_proj
layer model.layers.3.self_attn.v_proj
layer model.layers.3.self_attn.o_proj
layer model.layers.3.mlp.gate_proj
layer model.layers.3.mlp.up_proj
layer model.layers.3.mlp.down_proj
layer model.layers.4.self_attn.q_proj
layer model.layers.4.self_attn.k_proj
layer model.layers.4.self_attn.v_proj
layer model.layers.4.self_attn.o_proj
layer model.layers.4.mlp.gate_proj
layer model.layers.4.mlp.up_proj
layer model.layers.4.mlp.down_proj
layer model.layers.5.self_attn.q_proj
layer model.layers.5.self_attn.k_proj
layer model.layers.5.self_attn.v_proj
layer model.layers.5.self_attn.o_proj
layer model.layers.5.mlp.gate_proj
layer model.layers.5.mlp.up_proj
layer model.layers.5.mlp.down_proj
layer model.layers.6.self_attn.q_proj
layer model.layers.6.self_attn.k_proj
layer model.layers.6.self_attn.v_proj
layer model.layers.6.self_attn.o_proj
layer model.layers.6.mlp.gate_proj
layer model.layers.6.mlp.up_proj
layer model.layers.6.mlp.down_proj
layer model.layers.7.self_attn.q_proj
layer model.layers.7.self_attn.k_proj
layer model.layers.7.self_attn.v_proj
layer model.layers.7.self_attn.o_proj
layer model.layers.7.mlp.gate_proj
layer model.layers.7.mlp.up_proj
layer model.layers.7.mlp.down_proj
2025-04-30 04:37:11.247 | INFO     | __main__:main:458 - Running with cola

2025-04-30 04:37:11.248 | INFO     | __main__:main:459 - 
ColaForCausalLM(
  (model): ColaModel(
    (embed_tokens): Embedding(32000, 512, padding_idx=0)
    (layers): ModuleList(
      (0-7): 8 x ColaDecoderLayer(
        (self_attn): ColaSdpaAttention(
          (q_proj): ColaLayer(
            cola_a: torch.Size([512, 128]), cola_b: torch.Size([128, 512]), bias: False
            (lr_act): SiLU()
          )
          (k_proj): ColaLayer(
            cola_a: torch.Size([512, 128]), cola_b: torch.Size([128, 512]), bias: False
            (lr_act): SiLU()
          )
          (v_proj): ColaLayer(
            cola_a: torch.Size([512, 128]), cola_b: torch.Size([128, 512]), bias: False
            (lr_act): SiLU()
          )
          (o_proj): ColaLayer(
            cola_a: torch.Size([512, 128]), cola_b: torch.Size([128, 512]), bias: False
            (lr_act): SiLU()
          )
          (rotary_emb): LlamaRotaryEmbedding()
        )
        (mlp): ColaMLP(
          (gate_proj): ColaLayer(
            cola_a: torch.Size([512, 128]), cola_b: torch.Size([128, 1376]), bias: False
            (lr_act): SiLU()
          )
          (up_proj): ColaLayer(
            cola_a: torch.Size([512, 128]), cola_b: torch.Size([128, 1376]), bias: False
            (lr_act): SiLU()
          )
          (down_proj): ColaLayer(
            cola_a: torch.Size([1376, 128]), cola_b: torch.Size([128, 512]), bias: False
            (lr_act): SiLU()
          )
          (act_fn): SiLU()
        )
        (input_layernorm): LlamaRMSNorm((512,), eps=1e-06)
        (post_attention_layernorm): LlamaRMSNorm((512,), eps=1e-06)
      )
    )
    (norm): LlamaRMSNorm((512,), eps=1e-06)
    (rotary_emb): LlamaRotaryEmbedding()
  )
  (lm_head): Linear(in_features=512, out_features=32000, bias=False)
)

2025-04-30 04:37:11.249 | INFO     | __main__:main:460 - All params: 
['model.embed_tokens.weight', 'model.layers.0.self_attn.q_proj.cola_a', 'model.layers.0.self_attn.q_proj.cola_b', 'model.layers.0.self_attn.k_proj.cola_a', 'model.layers.0.self_attn.k_proj.cola_b', 'model.layers.0.self_attn.v_proj.cola_a', 'model.layers.0.self_attn.v_proj.cola_b', 'model.layers.0.self_attn.o_proj.cola_a', 'model.layers.0.self_attn.o_proj.cola_b', 'model.layers.0.mlp.gate_proj.cola_a', 'model.layers.0.mlp.gate_proj.cola_b', 'model.layers.0.mlp.up_proj.cola_a', 'model.layers.0.mlp.up_proj.cola_b', 'model.layers.0.mlp.down_proj.cola_a', 'model.layers.0.mlp.down_proj.cola_b', 'model.layers.0.input_layernorm.weight', 'model.layers.0.post_attention_layernorm.weight', 'model.layers.1.self_attn.q_proj.cola_a', 'model.layers.1.self_attn.q_proj.cola_b', 'model.layers.1.self_attn.k_proj.cola_a', 'model.layers.1.self_attn.k_proj.cola_b', 'model.layers.1.self_attn.v_proj.cola_a', 'model.layers.1.self_attn.v_proj.cola_b', 'model.layers.1.self_attn.o_proj.cola_a', 'model.layers.1.self_attn.o_proj.cola_b', 'model.layers.1.mlp.gate_proj.cola_a', 'model.layers.1.mlp.gate_proj.cola_b', 'model.layers.1.mlp.up_proj.cola_a', 'model.layers.1.mlp.up_proj.cola_b', 'model.layers.1.mlp.down_proj.cola_a', 'model.layers.1.mlp.down_proj.cola_b', 'model.layers.1.input_layernorm.weight', 'model.layers.1.post_attention_layernorm.weight', 'model.layers.2.self_attn.q_proj.cola_a', 'model.layers.2.self_attn.q_proj.cola_b', 'model.layers.2.self_attn.k_proj.cola_a', 'model.layers.2.self_attn.k_proj.cola_b', 'model.layers.2.self_attn.v_proj.cola_a', 'model.layers.2.self_attn.v_proj.cola_b', 'model.layers.2.self_attn.o_proj.cola_a', 'model.layers.2.self_attn.o_proj.cola_b', 'model.layers.2.mlp.gate_proj.cola_a', 'model.layers.2.mlp.gate_proj.cola_b', 'model.layers.2.mlp.up_proj.cola_a', 'model.layers.2.mlp.up_proj.cola_b', 'model.layers.2.mlp.down_proj.cola_a', 'model.layers.2.mlp.down_proj.cola_b', 'model.layers.2.input_layernorm.weight', 'model.layers.2.post_attention_layernorm.weight', 'model.layers.3.self_attn.q_proj.cola_a', 'model.layers.3.self_attn.q_proj.cola_b', 'model.layers.3.self_attn.k_proj.cola_a', 'model.layers.3.self_attn.k_proj.cola_b', 'model.layers.3.self_attn.v_proj.cola_a', 'model.layers.3.self_attn.v_proj.cola_b', 'model.layers.3.self_attn.o_proj.cola_a', 'model.layers.3.self_attn.o_proj.cola_b', 'model.layers.3.mlp.gate_proj.cola_a', 'model.layers.3.mlp.gate_proj.cola_b', 'model.layers.3.mlp.up_proj.cola_a', 'model.layers.3.mlp.up_proj.cola_b', 'model.layers.3.mlp.down_proj.cola_a', 'model.layers.3.mlp.down_proj.cola_b', 'model.layers.3.input_layernorm.weight', 'model.layers.3.post_attention_layernorm.weight', 'model.layers.4.self_attn.q_proj.cola_a', 'model.layers.4.self_attn.q_proj.cola_b', 'model.layers.4.self_attn.k_proj.cola_a', 'model.layers.4.self_attn.k_proj.cola_b', 'model.layers.4.self_attn.v_proj.cola_a', 'model.layers.4.self_attn.v_proj.cola_b', 'model.layers.4.self_attn.o_proj.cola_a', 'model.layers.4.self_attn.o_proj.cola_b', 'model.layers.4.mlp.gate_proj.cola_a', 'model.layers.4.mlp.gate_proj.cola_b', 'model.layers.4.mlp.up_proj.cola_a', 'model.layers.4.mlp.up_proj.cola_b', 'model.layers.4.mlp.down_proj.cola_a', 'model.layers.4.mlp.down_proj.cola_b', 'model.layers.4.input_layernorm.weight', 'model.layers.4.post_attention_layernorm.weight', 'model.layers.5.self_attn.q_proj.cola_a', 'model.layers.5.self_attn.q_proj.cola_b', 'model.layers.5.self_attn.k_proj.cola_a', 'model.layers.5.self_attn.k_proj.cola_b', 'model.layers.5.self_attn.v_proj.cola_a', 'model.layers.5.self_attn.v_proj.cola_b', 'model.layers.5.self_attn.o_proj.cola_a', 'model.layers.5.self_attn.o_proj.cola_b', 'model.layers.5.mlp.gate_proj.cola_a', 'model.layers.5.mlp.gate_proj.cola_b', 'model.layers.5.mlp.up_proj.cola_a', 'model.layers.5.mlp.up_proj.cola_b', 'model.layers.5.mlp.down_proj.cola_a', 'model.layers.5.mlp.down_proj.cola_b', 'model.layers.5.input_layernorm.weight', 'model.layers.5.post_attention_layernorm.weight', 'model.layers.6.self_attn.q_proj.cola_a', 'model.layers.6.self_attn.q_proj.cola_b', 'model.layers.6.self_attn.k_proj.cola_a', 'model.layers.6.self_attn.k_proj.cola_b', 'model.layers.6.self_attn.v_proj.cola_a', 'model.layers.6.self_attn.v_proj.cola_b', 'model.layers.6.self_attn.o_proj.cola_a', 'model.layers.6.self_attn.o_proj.cola_b', 'model.layers.6.mlp.gate_proj.cola_a', 'model.layers.6.mlp.gate_proj.cola_b', 'model.layers.6.mlp.up_proj.cola_a', 'model.layers.6.mlp.up_proj.cola_b', 'model.layers.6.mlp.down_proj.cola_a', 'model.layers.6.mlp.down_proj.cola_b', 'model.layers.6.input_layernorm.weight', 'model.layers.6.post_attention_layernorm.weight', 'model.layers.7.self_attn.q_proj.cola_a', 'model.layers.7.self_attn.q_proj.cola_b', 'model.layers.7.self_attn.k_proj.cola_a', 'model.layers.7.self_attn.k_proj.cola_b', 'model.layers.7.self_attn.v_proj.cola_a', 'model.layers.7.self_attn.v_proj.cola_b', 'model.layers.7.self_attn.o_proj.cola_a', 'model.layers.7.self_attn.o_proj.cola_b', 'model.layers.7.mlp.gate_proj.cola_a', 'model.layers.7.mlp.gate_proj.cola_b', 'model.layers.7.mlp.up_proj.cola_a', 'model.layers.7.mlp.up_proj.cola_b', 'model.layers.7.mlp.down_proj.cola_a', 'model.layers.7.mlp.down_proj.cola_b', 'model.layers.7.input_layernorm.weight', 'model.layers.7.post_attention_layernorm.weight', 'model.norm.weight', 'lm_head.weight']

2025-04-30 04:37:11.249 | INFO     | __main__:main:463 - Total params: 42.77M
2025-04-30 04:37:11.249 | INFO     | __main__:main:466 - Total non-low-rank parameters: 32.78M
2025-04-30 04:37:11.250 | INFO     | __main__:main:471 - Total low-rank parameters: 9.99M
2025-04-30 04:37:11.250 | INFO     | __main__:main:475 - Trainable params: 42.77M
2025-04-30 04:37:11.250 | INFO     | __main__:main:478 - Saving model to checkpoints/cola_60m-2025-04-30-04-37-00 every 10000 update steps
wandb: WARNING Saving files without folders. If you want to preserve subdirectories pass base_path to wandb.save, i.e. wandb.save("/mnt/folder/file.h5", base_path="/mnt")
Update steps:   0%|                                   | 0/10000 [00:00<?, ?it/s]2025-04-30 04:37:11.508 | INFO     | __main__:main:529 - Maximum memory allocated before training: 173102592 bytes

model.layers.0.self_attn.q_proj out_dimension=131072.0
model.layers.0.self_attn.k_proj out_dimension=131072.0
model.layers.0.self_attn.v_proj out_dimension=131072.0
model.layers.0.self_attn.o_proj out_dimension=131072.0
model.layers.0.mlp.gate_proj out_dimension=352256.0
model.layers.0.mlp.up_proj out_dimension=352256.0
model.layers.0.mlp.down_proj out_dimension=131072.0
model.layers.1.self_attn.q_proj out_dimension=131072.0
model.layers.1.self_attn.k_proj out_dimension=131072.0
model.layers.1.self_attn.v_proj out_dimension=131072.0
model.layers.1.self_attn.o_proj out_dimension=131072.0
model.layers.1.mlp.gate_proj out_dimension=352256.0
model.layers.1.mlp.up_proj out_dimension=352256.0
model.layers.1.mlp.down_proj out_dimension=131072.0
model.layers.2.self_attn.q_proj out_dimension=131072.0
model.layers.2.self_attn.k_proj out_dimension=131072.0
model.layers.2.self_attn.v_proj out_dimension=131072.0
model.layers.2.self_attn.o_proj out_dimension=131072.0
model.layers.2.mlp.gate_proj out_dimension=352256.0
model.layers.2.mlp.up_proj out_dimension=352256.0
model.layers.2.mlp.down_proj out_dimension=131072.0
model.layers.3.self_attn.q_proj out_dimension=131072.0
model.layers.3.self_attn.k_proj out_dimension=131072.0
model.layers.3.self_attn.v_proj out_dimension=131072.0
model.layers.3.self_attn.o_proj out_dimension=131072.0
model.layers.3.mlp.gate_proj out_dimension=352256.0
model.layers.3.mlp.up_proj out_dimension=352256.0
model.layers.3.mlp.down_proj out_dimension=131072.0
model.layers.4.self_attn.q_proj out_dimension=131072.0
model.layers.4.self_attn.k_proj out_dimension=131072.0
model.layers.4.self_attn.v_proj out_dimension=131072.0
model.layers.4.self_attn.o_proj out_dimension=131072.0
model.layers.4.mlp.gate_proj out_dimension=352256.0
model.layers.4.mlp.up_proj out_dimension=352256.0
model.layers.4.mlp.down_proj out_dimension=131072.0
model.layers.5.self_attn.q_proj out_dimension=131072.0
model.layers.5.self_attn.k_proj out_dimension=131072.0
model.layers.5.self_attn.v_proj out_dimension=131072.0
model.layers.5.self_attn.o_proj out_dimension=131072.0
model.layers.5.mlp.gate_proj out_dimension=352256.0
model.layers.5.mlp.up_proj out_dimension=352256.0
model.layers.5.mlp.down_proj out_dimension=131072.0
model.layers.6.self_attn.q_proj out_dimension=131072.0
model.layers.6.self_attn.k_proj out_dimension=131072.0
model.layers.6.self_attn.v_proj out_dimension=131072.0
model.layers.6.self_attn.o_proj out_dimension=131072.0
model.layers.6.mlp.gate_proj out_dimension=352256.0
model.layers.6.mlp.up_proj out_dimension=352256.0
model.layers.6.mlp.down_proj out_dimension=131072.0
model.layers.7.self_attn.q_proj out_dimension=131072.0
model.layers.7.self_attn.k_proj out_dimension=131072.0
model.layers.7.self_attn.v_proj out_dimension=131072.0
model.layers.7.self_attn.o_proj out_dimension=131072.0
model.layers.7.mlp.gate_proj out_dimension=352256.0
model.layers.7.mlp.up_proj out_dimension=352256.0
model.layers.7.mlp.down_proj out_dimension=131072.0
ZO_dimension= 10878976
model.layers.0.self_attn.q_proj out_dimension=131072.0
model.layers.0.self_attn.k_proj out_dimension=131072.0
model.layers.0.self_attn.v_proj out_dimension=131072.0
model.layers.0.self_attn.o_proj out_dimension=131072.0
model.layers.0.mlp.gate_proj out_dimension=352256.0
model.layers.0.mlp.up_proj out_dimension=352256.0
model.layers.0.mlp.down_proj out_dimension=131072.0
model.layers.1.self_attn.q_proj out_dimension=131072.0
model.layers.1.self_attn.k_proj out_dimension=131072.0
model.layers.1.self_attn.v_proj out_dimension=131072.0
model.layers.1.self_attn.o_proj out_dimension=131072.0
model.layers.1.mlp.gate_proj out_dimension=352256.0
model.layers.1.mlp.up_proj out_dimension=352256.0
model.layers.1.mlp.down_proj out_dimension=131072.0
model.layers.2.self_attn.q_proj out_dimension=131072.0
model.layers.2.self_attn.k_proj out_dimension=131072.0
model.layers.2.self_attn.v_proj out_dimension=131072.0
model.layers.2.self_attn.o_proj out_dimension=131072.0
model.layers.2.mlp.gate_proj out_dimension=352256.0
model.layers.2.mlp.up_proj out_dimension=352256.0
model.layers.2.mlp.down_proj out_dimension=131072.0
model.layers.3.self_attn.q_proj out_dimension=131072.0
model.layers.3.self_attn.k_proj out_dimension=131072.0
model.layers.3.self_attn.v_proj out_dimension=131072.0
model.layers.3.self_attn.o_proj out_dimension=131072.0
model.layers.3.mlp.gate_proj out_dimension=352256.0
model.layers.3.mlp.up_proj out_dimension=352256.0
model.layers.3.mlp.down_proj out_dimension=131072.0
model.layers.4.self_attn.q_proj out_dimension=131072.0
model.layers.4.self_attn.k_proj out_dimension=131072.0
model.layers.4.self_attn.v_proj out_dimension=131072.0
model.layers.4.self_attn.o_proj out_dimension=131072.0
model.layers.4.mlp.gate_proj out_dimension=352256.0
model.layers.4.mlp.up_proj out_dimension=352256.0
model.layers.4.mlp.down_proj out_dimension=131072.0
model.layers.5.self_attn.q_proj out_dimension=131072.0
model.layers.5.self_attn.k_proj out_dimension=131072.0
model.layers.5.self_attn.v_proj out_dimension=131072.0
model.layers.5.self_attn.o_proj out_dimension=131072.0
model.layers.5.mlp.gate_proj out_dimension=352256.0
model.layers.5.mlp.up_proj out_dimension=352256.0
model.layers.5.mlp.down_proj out_dimension=131072.0
model.layers.6.self_attn.q_proj out_dimension=131072.0
model.layers.6.self_attn.k_proj out_dimension=131072.0
model.layers.6.self_attn.v_proj out_dimension=131072.0
model.layers.6.self_attn.o_proj out_dimension=131072.0
model.layers.6.mlp.gate_proj out_dimension=352256.0
model.layers.6.mlp.up_proj out_dimension=352256.0
model.layers.6.mlp.down_proj out_dimension=131072.0
model.layers.7.self_attn.q_proj out_dimension=131072.0
model.layers.7.self_attn.k_proj out_dimension=131072.0
model.layers.7.self_attn.v_proj out_dimension=131072.0
model.layers.7.self_attn.o_proj out_dimension=131072.0
model.layers.7.mlp.gate_proj out_dimension=352256.0
model.layers.7.mlp.up_proj out_dimension=352256.0
model.layers.7.mlp.down_proj out_dimension=131072.0
ZO_dimension= 10878976
2025-04-30 04:40:30.601 | INFO     | __main__:main:708 - Modelwise cosine similarity: 0.0194091796875
2025-04-30 04:40:30.601 | INFO     | __main__:main:709 - Modelwise norm ZO/FO 15.625
2025-04-30 04:40:30.602 | INFO     | __main__:main:710 - sign match ratio 0.514430820941925
2025-04-30 04:40:30.602 | INFO     | __main__:main:727 - done
Update steps:   0%|                                   | 0/10000 [03:19<?, ?it/s]
[1;34mwandb[0m: 
[1;34mwandb[0m: 🚀 View run [33mcola_60m-LR-0.006-ZO[0m at: [34mhttps://wandb.ai/yequan_zhao-university-of-california-santa-barbara/cola/runs/yvycr3da[0m
[1;34mwandb[0m: Find logs at: [1;35mwandb/run-20250430_043700-yvycr3da/logs[0m
